2025-09-02 14:59:34,597 [Worker-6: Loading available Gradle versions] INFO  o.e.b.c.i.u.g.PublishedGradleVersions - Gradle version information cache is up-to-date. Trying to read.
2025-09-02 15:00:35,325 [ModalContext] INFO  o.e.m.c.i.e.AbstractTransferListenerAdapter - Downloading https://repo.maven.apache.org/maven2/com/a9ski/archetypes/quick-start/1.4.0/quick-start-1.4.0.pom
2025-09-02 15:00:35,359 [ModalContext] INFO  o.e.m.c.i.e.AbstractTransferListenerAdapter - Downloaded https://repo.maven.apache.org/maven2/com/a9ski/archetypes/quick-start/1.4.0/quick-start-1.4.0.pom
2025-09-02 15:00:35,624 [ModalContext] INFO  o.e.m.c.i.e.AbstractTransferListenerAdapter - Downloading https://repo.maven.apache.org/maven2/com/a9ski/archetypes/quick-start/1.4.0/quick-start-1.4.0.jar
2025-09-02 15:00:35,660 [ModalContext] INFO  o.e.m.c.i.e.AbstractTransferListenerAdapter - Downloaded https://repo.maven.apache.org/maven2/com/a9ski/archetypes/quick-start/1.4.0/quick-start-1.4.0.jar
2025-09-02 15:01:05,193 [Worker-17: Launching mavenrun-0cd5d949-77ae-4d6c-8701-7d8b3ed9f9fb] INFO  o.eclipse.m2e.core.internal.Bundles - getClasspathEntries(Bundle=org.eclipse.m2e.maven.runtime_3.9.700.20240602-2313 [787])
2025-09-02 15:01:05,195 [Worker-17: Launching mavenrun-0cd5d949-77ae-4d6c-8701-7d8b3ed9f9fb] INFO  o.eclipse.m2e.core.internal.Bundles - 	Entry: C:\Users\vamsi.p\.p2\pool\plugins\org.eclipse.m2e.maven.runtime_3.9.700.20240602-2313
2025-09-02 15:01:05,195 [Worker-17: Launching mavenrun-0cd5d949-77ae-4d6c-8701-7d8b3ed9f9fb] INFO  o.eclipse.m2e.core.internal.Bundles - 	Entry: C:\Users\vamsi.p\.p2\pool\plugins\org.eclipse.m2e.maven.runtime_3.9.700.20240602-2313\jars\aopalliance-1.0.jar
2025-09-02 15:01:05,195 [Worker-17: Launching mavenrun-0cd5d949-77ae-4d6c-8701-7d8b3ed9f9fb] INFO  o.eclipse.m2e.core.internal.Bundles - 	Entry: C:\Users\vamsi.p\.p2\pool\plugins\org.eclipse.m2e.maven.runtime_3.9.700.20240602-2313\jars\guice-5.1.0.jar
2025-09-02 15:01:05,195 [Worker-17: Launching mavenrun-0cd5d949-77ae-4d6c-8701-7d8b3ed9f9fb] INFO  o.eclipse.m2e.core.internal.Bundles - 	Entry: C:\Users\vamsi.p\.p2\pool\plugins\org.eclipse.m2e.maven.runtime_3.9.700.20240602-2313\jars\httpclient-4.5.14.jar
2025-09-02 15:01:05,195 [Worker-17: Launching mavenrun-0cd5d949-77ae-4d6c-8701-7d8b3ed9f9fb] INFO  o.eclipse.m2e.core.internal.Bundles - 	Entry: C:\Users\vamsi.p\.p2\pool\plugins\org.eclipse.m2e.maven.runtime_3.9.700.20240602-2313\jars\httpcore-4.4.16.jar
2025-09-02 15:01:05,195 [Worker-17: Launching mavenrun-0cd5d949-77ae-4d6c-8701-7d8b3ed9f9fb] INFO  o.eclipse.m2e.core.internal.Bundles - 	Entry: C:\Users\vamsi.p\.p2\pool\plugins\org.eclipse.m2e.maven.runtime_3.9.700.20240602-2313\jars\jansi-2.4.1.jar
2025-09-02 15:01:05,195 [Worker-17: Launching mavenrun-0cd5d949-77ae-4d6c-8701-7d8b3ed9f9fb] INFO  o.eclipse.m2e.core.internal.Bundles - 	Entry: C:\Users\vamsi.p\.p2\pool\plugins\org.eclipse.m2e.maven.runtime_3.9.700.20240602-2313\jars\jcl-over-slf4j-1.7.36.jar
2025-09-02 15:01:05,195 [Worker-17: Launching mavenrun-0cd5d949-77ae-4d6c-8701-7d8b3ed9f9fb] INFO  o.eclipse.m2e.core.internal.Bundles - 	Entry: C:\Users\vamsi.p\.p2\pool\plugins\org.eclipse.m2e.maven.runtime_3.9.700.20240602-2313\jars\maven-artifact-3.9.7.jar
2025-09-02 15:01:05,196 [Worker-17: Launching mavenrun-0cd5d949-77ae-4d6c-8701-7d8b3ed9f9fb] INFO  o.eclipse.m2e.core.internal.Bundles - 	Entry: C:\Users\vamsi.p\.p2\pool\plugins\org.eclipse.m2e.maven.runtime_3.9.700.20240602-2313\jars\maven-builder-support-3.9.7.jar
2025-09-02 15:01:05,196 [Worker-17: Launching mavenrun-0cd5d949-77ae-4d6c-8701-7d8b3ed9f9fb] INFO  o.eclipse.m2e.core.internal.Bundles - 	Entry: C:\Users\vamsi.p\.p2\pool\plugins\org.eclipse.m2e.maven.runtime_3.9.700.20240602-2313\jars\maven-compat-3.9.7.jar
2025-09-02 15:01:05,196 [Worker-17: Launching mavenrun-0cd5d949-77ae-4d6c-8701-7d8b3ed9f9fb] INFO  o.eclipse.m2e.core.internal.Bundles - 	Entry: C:\Users\vamsi.p\.p2\pool\plugins\org.eclipse.m2e.maven.runtime_3.9.700.20240602-2313\jars\maven-core-3.9.7.jar
2025-09-02 15:01:05,196 [Worker-17: Launching mavenrun-0cd5d949-77ae-4d6c-8701-7d8b3ed9f9fb] INFO  o.eclipse.m2e.core.internal.Bundles - 	Entry: C:\Users\vamsi.p\.p2\pool\plugins\org.eclipse.m2e.maven.runtime_3.9.700.20240602-2313\jars\maven-embedder-3.9.7.jar
2025-09-02 15:01:05,196 [Worker-17: Launching mavenrun-0cd5d949-77ae-4d6c-8701-7d8b3ed9f9fb] INFO  o.eclipse.m2e.core.internal.Bundles - 	Entry: C:\Users\vamsi.p\.p2\pool\plugins\org.eclipse.m2e.maven.runtime_3.9.700.20240602-2313\jars\maven-model-3.9.7.jar
2025-09-02 15:01:05,196 [Worker-17: Launching mavenrun-0cd5d949-77ae-4d6c-8701-7d8b3ed9f9fb] INFO  o.eclipse.m2e.core.internal.Bundles - 	Entry: C:\Users\vamsi.p\.p2\pool\plugins\org.eclipse.m2e.maven.runtime_3.9.700.20240602-2313\jars\maven-model-builder-3.9.7.jar
2025-09-02 15:01:05,196 [Worker-17: Launching mavenrun-0cd5d949-77ae-4d6c-8701-7d8b3ed9f9fb] INFO  o.eclipse.m2e.core.internal.Bundles - 	Entry: C:\Users\vamsi.p\.p2\pool\plugins\org.eclipse.m2e.maven.runtime_3.9.700.20240602-2313\jars\maven-plugin-api-3.9.7.jar
2025-09-02 15:01:05,196 [Worker-17: Launching mavenrun-0cd5d949-77ae-4d6c-8701-7d8b3ed9f9fb] INFO  o.eclipse.m2e.core.internal.Bundles - 	Entry: C:\Users\vamsi.p\.p2\pool\plugins\org.eclipse.m2e.maven.runtime_3.9.700.20240602-2313\jars\maven-repository-metadata-3.9.7.jar
2025-09-02 15:01:05,197 [Worker-17: Launching mavenrun-0cd5d949-77ae-4d6c-8701-7d8b3ed9f9fb] INFO  o.eclipse.m2e.core.internal.Bundles - 	Entry: C:\Users\vamsi.p\.p2\pool\plugins\org.eclipse.m2e.maven.runtime_3.9.700.20240602-2313\jars\maven-resolver-api-1.9.20.jar
2025-09-02 15:01:05,197 [Worker-17: Launching mavenrun-0cd5d949-77ae-4d6c-8701-7d8b3ed9f9fb] INFO  o.eclipse.m2e.core.internal.Bundles - 	Entry: C:\Users\vamsi.p\.p2\pool\plugins\org.eclipse.m2e.maven.runtime_3.9.700.20240602-2313\jars\maven-resolver-connector-basic-1.9.20.jar
2025-09-02 15:01:05,197 [Worker-17: Launching mavenrun-0cd5d949-77ae-4d6c-8701-7d8b3ed9f9fb] INFO  o.eclipse.m2e.core.internal.Bundles - 	Entry: C:\Users\vamsi.p\.p2\pool\plugins\org.eclipse.m2e.maven.runtime_3.9.700.20240602-2313\jars\maven-resolver-impl-1.9.20.jar
2025-09-02 15:01:05,197 [Worker-17: Launching mavenrun-0cd5d949-77ae-4d6c-8701-7d8b3ed9f9fb] INFO  o.eclipse.m2e.core.internal.Bundles - 	Entry: C:\Users\vamsi.p\.p2\pool\plugins\org.eclipse.m2e.maven.runtime_3.9.700.20240602-2313\jars\maven-resolver-named-locks-1.9.20.jar
2025-09-02 15:01:05,197 [Worker-17: Launching mavenrun-0cd5d949-77ae-4d6c-8701-7d8b3ed9f9fb] INFO  o.eclipse.m2e.core.internal.Bundles - 	Entry: C:\Users\vamsi.p\.p2\pool\plugins\org.eclipse.m2e.maven.runtime_3.9.700.20240602-2313\jars\maven-resolver-provider-3.9.7.jar
2025-09-02 15:01:05,197 [Worker-17: Launching mavenrun-0cd5d949-77ae-4d6c-8701-7d8b3ed9f9fb] INFO  o.eclipse.m2e.core.internal.Bundles - 	Entry: C:\Users\vamsi.p\.p2\pool\plugins\org.eclipse.m2e.maven.runtime_3.9.700.20240602-2313\jars\maven-resolver-spi-1.9.20.jar
2025-09-02 15:01:05,197 [Worker-17: Launching mavenrun-0cd5d949-77ae-4d6c-8701-7d8b3ed9f9fb] INFO  o.eclipse.m2e.core.internal.Bundles - 	Entry: C:\Users\vamsi.p\.p2\pool\plugins\org.eclipse.m2e.maven.runtime_3.9.700.20240602-2313\jars\maven-resolver-transport-file-1.9.20.jar
2025-09-02 15:01:05,197 [Worker-17: Launching mavenrun-0cd5d949-77ae-4d6c-8701-7d8b3ed9f9fb] INFO  o.eclipse.m2e.core.internal.Bundles - 	Entry: C:\Users\vamsi.p\.p2\pool\plugins\org.eclipse.m2e.maven.runtime_3.9.700.20240602-2313\jars\maven-resolver-transport-http-1.9.20.jar
2025-09-02 15:01:05,198 [Worker-17: Launching mavenrun-0cd5d949-77ae-4d6c-8701-7d8b3ed9f9fb] INFO  o.eclipse.m2e.core.internal.Bundles - 	Entry: C:\Users\vamsi.p\.p2\pool\plugins\org.eclipse.m2e.maven.runtime_3.9.700.20240602-2313\jars\maven-resolver-transport-wagon-1.9.20.jar
2025-09-02 15:01:05,198 [Worker-17: Launching mavenrun-0cd5d949-77ae-4d6c-8701-7d8b3ed9f9fb] INFO  o.eclipse.m2e.core.internal.Bundles - 	Entry: C:\Users\vamsi.p\.p2\pool\plugins\org.eclipse.m2e.maven.runtime_3.9.700.20240602-2313\jars\maven-resolver-util-1.9.20.jar
2025-09-02 15:01:05,198 [Worker-17: Launching mavenrun-0cd5d949-77ae-4d6c-8701-7d8b3ed9f9fb] INFO  o.eclipse.m2e.core.internal.Bundles - 	Entry: C:\Users\vamsi.p\.p2\pool\plugins\org.eclipse.m2e.maven.runtime_3.9.700.20240602-2313\jars\maven-settings-3.9.7.jar
2025-09-02 15:01:05,198 [Worker-17: Launching mavenrun-0cd5d949-77ae-4d6c-8701-7d8b3ed9f9fb] INFO  o.eclipse.m2e.core.internal.Bundles - 	Entry: C:\Users\vamsi.p\.p2\pool\plugins\org.eclipse.m2e.maven.runtime_3.9.700.20240602-2313\jars\maven-settings-builder-3.9.7.jar
2025-09-02 15:01:05,198 [Worker-17: Launching mavenrun-0cd5d949-77ae-4d6c-8701-7d8b3ed9f9fb] INFO  o.eclipse.m2e.core.internal.Bundles - 	Entry: C:\Users\vamsi.p\.p2\pool\plugins\org.eclipse.m2e.maven.runtime_3.9.700.20240602-2313\jars\maven-shared-utils-3.4.2.jar
2025-09-02 15:01:05,198 [Worker-17: Launching mavenrun-0cd5d949-77ae-4d6c-8701-7d8b3ed9f9fb] INFO  o.eclipse.m2e.core.internal.Bundles - 	Entry: C:\Users\vamsi.p\.p2\pool\plugins\org.eclipse.m2e.maven.runtime_3.9.700.20240602-2313\jars\org.eclipse.sisu.inject-0.9.0.M2.jar
2025-09-02 15:01:05,199 [Worker-17: Launching mavenrun-0cd5d949-77ae-4d6c-8701-7d8b3ed9f9fb] INFO  o.eclipse.m2e.core.internal.Bundles - 	Entry: C:\Users\vamsi.p\.p2\pool\plugins\org.eclipse.m2e.maven.runtime_3.9.700.20240602-2313\jars\org.eclipse.sisu.plexus-0.9.0.M2.jar
2025-09-02 15:01:05,199 [Worker-17: Launching mavenrun-0cd5d949-77ae-4d6c-8701-7d8b3ed9f9fb] INFO  o.eclipse.m2e.core.internal.Bundles - 	Entry: C:\Users\vamsi.p\.p2\pool\plugins\org.eclipse.m2e.maven.runtime_3.9.700.20240602-2313\jars\plexus-build-api-0.0.7.jar
2025-09-02 15:01:05,199 [Worker-17: Launching mavenrun-0cd5d949-77ae-4d6c-8701-7d8b3ed9f9fb] INFO  o.eclipse.m2e.core.internal.Bundles - 	Entry: C:\Users\vamsi.p\.p2\pool\plugins\org.eclipse.m2e.maven.runtime_3.9.700.20240602-2313\jars\plexus-build-api-1.2.0.jar
2025-09-02 15:01:05,199 [Worker-17: Launching mavenrun-0cd5d949-77ae-4d6c-8701-7d8b3ed9f9fb] INFO  o.eclipse.m2e.core.internal.Bundles - 	Entry: C:\Users\vamsi.p\.p2\pool\plugins\org.eclipse.m2e.maven.runtime_3.9.700.20240602-2313\jars\plexus-cipher-2.0.jar
2025-09-02 15:01:05,199 [Worker-17: Launching mavenrun-0cd5d949-77ae-4d6c-8701-7d8b3ed9f9fb] INFO  o.eclipse.m2e.core.internal.Bundles - 	Entry: C:\Users\vamsi.p\.p2\pool\plugins\org.eclipse.m2e.maven.runtime_3.9.700.20240602-2313\jars\plexus-classworlds-2.8.0.jar
2025-09-02 15:01:05,199 [Worker-17: Launching mavenrun-0cd5d949-77ae-4d6c-8701-7d8b3ed9f9fb] INFO  o.eclipse.m2e.core.internal.Bundles - 	Entry: C:\Users\vamsi.p\.p2\pool\plugins\org.eclipse.m2e.maven.runtime_3.9.700.20240602-2313\jars\plexus-component-annotations-2.1.0.jar
2025-09-02 15:01:05,199 [Worker-17: Launching mavenrun-0cd5d949-77ae-4d6c-8701-7d8b3ed9f9fb] INFO  o.eclipse.m2e.core.internal.Bundles - 	Entry: C:\Users\vamsi.p\.p2\pool\plugins\org.eclipse.m2e.maven.runtime_3.9.700.20240602-2313\jars\plexus-interpolation-1.27.jar
2025-09-02 15:01:05,199 [Worker-17: Launching mavenrun-0cd5d949-77ae-4d6c-8701-7d8b3ed9f9fb] INFO  o.eclipse.m2e.core.internal.Bundles - 	Entry: C:\Users\vamsi.p\.p2\pool\plugins\org.eclipse.m2e.maven.runtime_3.9.700.20240602-2313\jars\plexus-sec-dispatcher-2.0.jar
2025-09-02 15:01:05,199 [Worker-17: Launching mavenrun-0cd5d949-77ae-4d6c-8701-7d8b3ed9f9fb] INFO  o.eclipse.m2e.core.internal.Bundles - 	Entry: C:\Users\vamsi.p\.p2\pool\plugins\org.eclipse.m2e.maven.runtime_3.9.700.20240602-2313\jars\plexus-utils-3.5.1.jar
2025-09-02 15:01:05,200 [Worker-17: Launching mavenrun-0cd5d949-77ae-4d6c-8701-7d8b3ed9f9fb] INFO  o.eclipse.m2e.core.internal.Bundles - 	Entry: C:\Users\vamsi.p\.p2\pool\plugins\org.eclipse.m2e.maven.runtime_3.9.700.20240602-2313\jars\wagon-file-3.5.3.jar
2025-09-02 15:01:05,200 [Worker-17: Launching mavenrun-0cd5d949-77ae-4d6c-8701-7d8b3ed9f9fb] INFO  o.eclipse.m2e.core.internal.Bundles - 	Entry: C:\Users\vamsi.p\.p2\pool\plugins\org.eclipse.m2e.maven.runtime_3.9.700.20240602-2313\jars\wagon-http-3.5.3.jar
2025-09-02 15:01:05,200 [Worker-17: Launching mavenrun-0cd5d949-77ae-4d6c-8701-7d8b3ed9f9fb] INFO  o.eclipse.m2e.core.internal.Bundles - 	Entry: C:\Users\vamsi.p\.p2\pool\plugins\org.eclipse.m2e.maven.runtime_3.9.700.20240602-2313\jars\wagon-http-shared-3.5.3.jar
2025-09-02 15:01:05,200 [Worker-17: Launching mavenrun-0cd5d949-77ae-4d6c-8701-7d8b3ed9f9fb] INFO  o.eclipse.m2e.core.internal.Bundles - 	Entry: C:\Users\vamsi.p\.p2\pool\plugins\org.eclipse.m2e.maven.runtime_3.9.700.20240602-2313\jars\wagon-provider-api-3.5.3.jar
2025-09-02 15:01:05,202 [Worker-17: Launching mavenrun-0cd5d949-77ae-4d6c-8701-7d8b3ed9f9fb] INFO  o.eclipse.m2e.core.internal.Bundles - getClasspathEntries(Bundle=com.google.guava_33.2.0.jre [536])
2025-09-02 15:01:05,202 [Worker-17: Launching mavenrun-0cd5d949-77ae-4d6c-8701-7d8b3ed9f9fb] INFO  o.eclipse.m2e.core.internal.Bundles - 	Entry: C:\Users\vamsi.p\.p2\pool\plugins\com.google.guava_33.2.0.jre.jar
2025-09-02 15:01:05,202 [Worker-17: Launching mavenrun-0cd5d949-77ae-4d6c-8701-7d8b3ed9f9fb] INFO  o.eclipse.m2e.core.internal.Bundles - getClasspathEntries(Bundle=slf4j.api_2.0.16 [966])
2025-09-02 15:01:05,203 [Worker-17: Launching mavenrun-0cd5d949-77ae-4d6c-8701-7d8b3ed9f9fb] INFO  o.eclipse.m2e.core.internal.Bundles - 	Entry: C:\Users\vamsi.p\.p2\pool\plugins\slf4j.api_2.0.16.jar
2025-09-02 15:01:05,203 [Worker-17: Launching mavenrun-0cd5d949-77ae-4d6c-8701-7d8b3ed9f9fb] INFO  o.eclipse.m2e.core.internal.Bundles - getClasspathEntries(Bundle=javax.inject_1.0.0.v20220405-0441 [26])
2025-09-02 15:01:05,203 [Worker-17: Launching mavenrun-0cd5d949-77ae-4d6c-8701-7d8b3ed9f9fb] INFO  o.eclipse.m2e.core.internal.Bundles - 	Entry: C:\Users\vamsi.p\.p2\pool\plugins\javax.inject_1.0.0.v20220405-0441.jar
2025-09-02 15:01:05,203 [Worker-17: Launching mavenrun-0cd5d949-77ae-4d6c-8701-7d8b3ed9f9fb] INFO  o.eclipse.m2e.core.internal.Bundles - getClasspathEntries(Bundle=javax.annotation_1.3.5.v20200909-1856 [24])
2025-09-02 15:01:05,204 [Worker-17: Launching mavenrun-0cd5d949-77ae-4d6c-8701-7d8b3ed9f9fb] INFO  o.eclipse.m2e.core.internal.Bundles - 	Entry: C:\Users\vamsi.p\.p2\pool\plugins\javax.annotation_1.3.5.v20200909-1856.jar
2025-09-02 15:01:05,204 [Worker-17: Launching mavenrun-0cd5d949-77ae-4d6c-8701-7d8b3ed9f9fb] INFO  o.eclipse.m2e.core.internal.Bundles - getClasspathEntries(Bundle=org.apache.commons.cli_1.8.0 [565])
2025-09-02 15:01:05,204 [Worker-17: Launching mavenrun-0cd5d949-77ae-4d6c-8701-7d8b3ed9f9fb] INFO  o.eclipse.m2e.core.internal.Bundles - 	Entry: C:\Users\vamsi.p\.p2\pool\plugins\org.apache.commons.cli_1.8.0.jar
2025-09-02 15:01:05,204 [Worker-17: Launching mavenrun-0cd5d949-77ae-4d6c-8701-7d8b3ed9f9fb] INFO  o.eclipse.m2e.core.internal.Bundles - getClasspathEntries(Bundle=org.apache.commons.commons-codec_1.16.0 [51])
2025-09-02 15:01:05,205 [Worker-17: Launching mavenrun-0cd5d949-77ae-4d6c-8701-7d8b3ed9f9fb] INFO  o.eclipse.m2e.core.internal.Bundles - 	Entry: C:\Users\vamsi.p\.p2\pool\plugins\org.apache.commons.commons-codec_1.16.0.jar
2025-09-02 15:01:05,205 [Worker-17: Launching mavenrun-0cd5d949-77ae-4d6c-8701-7d8b3ed9f9fb] INFO  o.eclipse.m2e.core.internal.Bundles - getClasspathEntries(Bundle=org.apache.commons.lang3_3.14.0 [570])
2025-09-02 15:01:05,205 [Worker-17: Launching mavenrun-0cd5d949-77ae-4d6c-8701-7d8b3ed9f9fb] INFO  o.eclipse.m2e.core.internal.Bundles - 	Entry: C:\Users\vamsi.p\.p2\pool\plugins\org.apache.commons.lang3_3.14.0.jar
2025-09-02 15:01:05,206 [Worker-17: Launching mavenrun-0cd5d949-77ae-4d6c-8701-7d8b3ed9f9fb] INFO  o.eclipse.m2e.core.internal.Bundles - getClasspathEntries(Bundle=com.google.guava.failureaccess_1.0.2 [537])
2025-09-02 15:01:05,206 [Worker-17: Launching mavenrun-0cd5d949-77ae-4d6c-8701-7d8b3ed9f9fb] INFO  o.eclipse.m2e.core.internal.Bundles - 	Entry: C:\Users\vamsi.p\.p2\pool\plugins\com.google.guava.failureaccess_1.0.2.jar
2025-09-02 15:01:05,218 [Worker-17: Launching mavenrun-0cd5d949-77ae-4d6c-8701-7d8b3ed9f9fb] INFO  o.e.m.i.launch.MavenLaunchDelegate - Run build in "C:\Users\vamsi.p\AppData\Local\Temp\m2e-archetypeGenerator13428198467876760964":
2025-09-02 15:01:05,223 [Worker-17: Launching mavenrun-0cd5d949-77ae-4d6c-8701-7d8b3ed9f9fb] INFO  o.e.m.i.launch.MavenLaunchDelegate -  mvn  -DarchetypeGroupId=com.a9ski.archetypes -DarchetypeArtifactId=quick-start -DarchetypeVersion=1.4.0 -DgroupId=OpenCRVS-Uganda -DartifactId=OpenCRVS-Uganda -Dversion=0.0.1-SNAPSHOT -Dpackage=OpenCRVS_Uganda.OpenCRVS_Uganda -DoutputDirectory=D:\OpenCRVS\OpenCRVS-Uganda -Dstyle.color=always -U archetype:generate
